[14:46:16.215] [Info] Root: Preparing Root...
[14:46:16.216] [Info] Root: Done preparing Root.
[14:46:16.217] [Info] Root: Scanning for asset sources in directory '..\assets\'
[14:46:16.218] [Info] Root: no runtime config file, creating new default runtime config
[14:46:16.220] [Info] Root: Loaded Configuration in 0.00243912 seconds
[14:46:16.508] [Info] Root: Scanning for asset sources in directory '..\mods\'
[14:46:16.510] [Warn] Root: Unrecognized file in asset directory 'mods_go_here', skipping
[14:46:16.511] [Info] Root: Detected asset source named 'base' at '..\assets\packed.pak'
[14:46:16.512] [Info] Root: Detected unnamed asset source at '..\assets\user'
[14:46:16.513] [Info] Loading assets from: '..\assets\packed.pak'
[14:46:16.775] [Info] Loading assets from: '..\assets\user'
[14:46:17.374] [Info] Assets digest is 115bec93a7e9d013a1843b28df8c827e6cbf317e0bfe07ff9fe3200b3725bd48
[14:46:17.376] [Info] Root: Loaded Assets in 1.15825 seconds
[14:46:17.402] [Info] Root: Loaded NameGenerator in 1.18037 seconds
[14:46:17.741] [Info] Root: Loaded PlantDatabase in 0.337212 seconds
[14:46:17.888] [Info] Root: Loaded ObjectDatabase in 0.512046 seconds
[14:46:18.069] [Info] Root: Loaded MonsterDatabase in 0.179544 seconds
[14:46:18.097] [Info] Root: Loaded NpcDatabase in 0.0274846 seconds
[14:46:18.111] [Info] Root: Loaded StagehandDatabase in 0.0130893 seconds
[14:46:18.113] [Info] Root: Loaded VehicleDatabase in 0.00162676 seconds
[14:46:18.119] [Info] Root: Loaded ProjectileDatabase in 0.376991 seconds
[14:46:18.129] [Info] Root: Loaded PlayerFactory in 0.0143288 seconds
[14:46:18.134] [Info] Root: Loaded VersioningDatabase in 0.00389053 seconds
[14:46:18.135] [Info] Root: Loaded EntityFactory in 0.0149684 seconds
[14:46:18.225] [Info] Root: Loaded ParticleDatabase in 0.0886496 seconds
[14:46:18.229] [Info] Root: Loaded ImageMetadataDatabase in 9.07495e-06 seconds
[14:46:18.540] [Info] Root: Loaded MaterialDatabase in 0.40407 seconds
[14:46:18.615] [Info] Root: Loaded TerrainDatabase in 0.073336 seconds
[14:46:18.827] [Info] Root: Loaded BiomeDatabase in 0.210453 seconds
[14:46:18.829] [Info] Root: Loaded LiquidsDatabase in 0.000891982 seconds
[14:46:18.889] [Info] Root: Loaded StatusEffectDatabase in 0.057785 seconds
[14:46:19.108] [Info] Root: Loaded DamageDatabase in 0.217669 seconds
[14:46:19.148] [Info] Root: Loaded EffectSourceDatabase in 0.0383087 seconds
[14:46:19.165] [Info] Root: Loaded FunctionDatabase in 0.0151297 seconds
[14:46:19.187] [Info] Root: Loaded TreasureDatabase in 0.0199037 seconds
[14:46:19.992] [Info] Root: Loaded DungeonDefinitions in 0.802383 seconds
[14:46:19.993] [Info] Root: Loaded TilesetDatabase in 4.42039e-05 seconds
[14:46:20.012] [Info] Root: Loaded StatisticsDatabase in 0.016827 seconds
[14:46:20.018] [Info] Root: Loaded EmoteProcessor in 0.00460247 seconds
[14:46:20.048] [Info] Root: Loaded SpeciesDatabase in 0.0280542 seconds
[14:46:20.110] [Info] Root: Loaded QuestTemplateDatabase in 0.0606111 seconds
[14:46:20.113] [Info] Root: Loaded AiDatabase in 0.00112588 seconds
[14:46:20.114] [Info] Root: Loaded TechDatabase in 0.000557379 seconds
[14:46:20.143] [Info] Root: Loaded CodexDatabase in 0.0276907 seconds
[14:46:20.300] [Info] Root: Loaded BehaviorDatabase in 0.15577 seconds
[14:46:20.303] [Info] Root: Loaded DanceDatabase in 0.00226055 seconds
[14:46:20.309] [Info] Root: Loaded SpawnTypeDatabase in 0.00410628 seconds
[14:46:20.321] [Info] Root: Loaded RadioMessageDatabase in 0.0111154 seconds
[14:46:21.223] [Info] Root: Writing runtime configuration to '..\storage\starbound_server.config'
[14:46:22.174] [Info] Root: Loaded ItemDatabase in 4.04393 seconds
[14:46:22.253] [Info] Server Version 1.0 (windows x86_64) Source ID: fbfc7341813b83db61ef5a4b68360b0bf9c927b7 Protocol: 723
[14:46:22.268] [Info] UniverseServer: Acquiring universe lock file
[14:46:22.277] [Info] UniverseServer: Loading settings
[14:46:22.280] [Info] UniverseServer: Starting UniverseServer with UUID: 14eb02e1788d5460426a7a63aaadf41f
[14:46:22.282] [Info] UniverseServer: listening for incoming TCP connections on 0.0.0.0:21025
